<?xml version="1.0" encoding="UTF-8"?>
<testng-results ignored="0" total="2" passed="2" failed="0" skipped="0">
  <reporter-output>
  </reporter-output>
  <suite started-at="2023-12-21T12:30:49 IST" name="Default suite" finished-at="2023-12-21T12:30:55 IST" duration-ms="6546">
    <groups>
    </groups>
    <test started-at="2023-12-21T12:30:49 IST" name="Default test" finished-at="2023-12-21T12:30:55 IST" duration-ms="6546">
      <class name="Test.FacebookLoginTest">
        <test-method is-config="true" signature="launchBrowser()[pri:0, instance:Test.FacebookLoginTest@61001b64]" started-at="2023-12-21T12:30:49 IST" name="launchBrowser" finished-at="2023-12-21T12:30:53 IST" duration-ms="3987" status="PASS">
          <reporter-output>
          </reporter-output>
        </test-method> <!-- launchBrowser -->
        <test-method signature="loginWithInvalidUsernameAndValidPassword()[pri:0, instance:Test.FacebookLoginTest@61001b64]" started-at="2023-12-21T12:30:53 IST" name="loginWithInvalidUsernameAndValidPassword" finished-at="2023-12-21T12:30:53 IST" duration-ms="285" status="PASS">
          <reporter-output>
          </reporter-output>
        </test-method> <!-- loginWithInvalidUsernameAndValidPassword -->
        <test-method is-config="true" signature="launchBrowser()[pri:0, instance:Test.FacebookLoginTest@61001b64]" started-at="2023-12-21T12:30:53 IST" name="launchBrowser" finished-at="2023-12-21T12:30:55 IST" duration-ms="1927" status="PASS">
          <reporter-output>
          </reporter-output>
        </test-method> <!-- launchBrowser -->
        <test-method signature="loginWithValidUsernameAndValidPassword()[pri:0, instance:Test.FacebookLoginTest@61001b64]" started-at="2023-12-21T12:30:55 IST" name="loginWithValidUsernameAndValidPassword" finished-at="2023-12-21T12:30:55 IST" duration-ms="280" status="PASS">
          <reporter-output>
          </reporter-output>
        </test-method> <!-- loginWithValidUsernameAndValidPassword -->
      </class> <!-- Test.FacebookLoginTest -->
    </test> <!-- Default test -->
  </suite> <!-- Default suite -->
</testng-results>
